togo_ph_h20_cluster_sampling_2_strata_desired_25ppc_500_size_cost_cluster_based_c1_25_c2_35_method_random_budget_100_seed_1
togo_ph_h20_cluster_sampling_2_strata_desired_25ppc_500_size_cost_cluster_based_c1_25_c2_35_method_random_unit_budget_100_seed_1
togo_ph_h20_cluster_sampling_2_strata_desired_25ppc_500_size_cost_cluster_based_c1_25_c2_35_method_greedycost_budget_100_seed_1
togo_ph_h20_cluster_sampling_2_strata_desired_25ppc_500_size_cost_cluster_based_c1_25_c2_35_method_poprisk_0.0_regions_budget_100_seed_1
togo_ph_h20_cluster_sampling_2_strata_desired_25ppc_500_size_cost_cluster_based_c1_25_c2_35_method_poprisk_avg_0.0_regions_budget_100_seed_1
togo_ph_h20_cluster_sampling_2_strata_desired_25ppc_1000_size_cost_cluster_based_c1_25_c2_35_method_random_budget_100_seed_1
togo_ph_h20_cluster_sampling_2_strata_desired_25ppc_1500_size_cost_cluster_based_c1_25_c2_35_method_random_budget_100_seed_1
togo_ph_h20_cluster_sampling_2_strata_desired_25ppc_2000_size_cost_cluster_based_c1_25_c2_35_method_random_budget_100_seed_1
togo_ph_h20_cluster_sampling_2_strata_desired_25ppc_2500_size_cost_cluster_based_c1_25_c2_35_method_random_budget_100_seed_1
togo_ph_h20_cluster_sampling_2_strata_desired_25ppc_500_size_cost_cluster_based_c1_25_c2_35_method_random_budget_100_seed_42
togo_ph_h20_cluster_sampling_2_strata_desired_25ppc_1000_size_cost_cluster_based_c1_25_c2_35_method_random_budget_100_seed_42
togo_ph_h20_cluster_sampling_2_strata_desired_25ppc_1500_size_cost_cluster_based_c1_25_c2_35_method_random_budget_100_seed_42
togo_ph_h20_cluster_sampling_2_strata_desired_25ppc_2000_size_cost_cluster_based_c1_25_c2_35_method_random_budget_100_seed_42
togo_ph_h20_cluster_sampling_2_strata_desired_25ppc_2500_size_cost_cluster_based_c1_25_c2_35_method_random_budget_100_seed_42
togo_ph_h20_cluster_sampling_2_strata_desired_25ppc_500_size_cost_cluster_based_c1_25_c2_35_method_random_budget_100_seed_123
togo_ph_h20_cluster_sampling_2_strata_desired_25ppc_1000_size_cost_cluster_based_c1_25_c2_35_method_random_budget_100_seed_123
togo_ph_h20_cluster_sampling_2_strata_desired_25ppc_1500_size_cost_cluster_based_c1_25_c2_35_method_random_budget_100_seed_123
togo_ph_h20_cluster_sampling_2_strata_desired_25ppc_2000_size_cost_cluster_based_c1_25_c2_35_method_random_budget_100_seed_123
togo_ph_h20_cluster_sampling_2_strata_desired_25ppc_2500_size_cost_cluster_based_c1_25_c2_35_method_random_budget_100_seed_123
togo_ph_h20_cluster_sampling_2_strata_desired_25ppc_500_size_cost_cluster_based_c1_25_c2_35_method_random_budget_100_seed_456
togo_ph_h20_cluster_sampling_2_strata_desired_25ppc_1000_size_cost_cluster_based_c1_25_c2_35_method_random_budget_100_seed_456
togo_ph_h20_cluster_sampling_2_strata_desired_25ppc_1500_size_cost_cluster_based_c1_25_c2_35_method_random_budget_100_seed_456
togo_ph_h20_cluster_sampling_2_strata_desired_25ppc_2000_size_cost_cluster_based_c1_25_c2_35_method_random_budget_100_seed_456
togo_ph_h20_cluster_sampling_2_strata_desired_25ppc_2500_size_cost_cluster_based_c1_25_c2_35_method_random_budget_100_seed_456
togo_ph_h20_cluster_sampling_2_strata_desired_25ppc_500_size_cost_cluster_based_c1_25_c2_35_method_random_budget_100_seed_789
togo_ph_h20_cluster_sampling_2_strata_desired_25ppc_1000_size_cost_cluster_based_c1_25_c2_35_method_random_budget_100_seed_789
togo_ph_h20_cluster_sampling_2_strata_desired_25ppc_1500_size_cost_cluster_based_c1_25_c2_35_method_random_budget_100_seed_789
togo_ph_h20_cluster_sampling_2_strata_desired_25ppc_2000_size_cost_cluster_based_c1_25_c2_35_method_random_budget_100_seed_789
togo_ph_h20_cluster_sampling_2_strata_desired_25ppc_2500_size_cost_cluster_based_c1_25_c2_35_method_random_budget_100_seed_789
togo_ph_h20_cluster_sampling_2_strata_desired_25ppc_500_size_cost_cluster_based_c1_25_c2_35_method_random_budget_100_seed_1234
togo_ph_h20_cluster_sampling_2_strata_desired_25ppc_1000_size_cost_cluster_based_c1_25_c2_35_method_random_budget_100_seed_1234
togo_ph_h20_cluster_sampling_2_strata_desired_25ppc_1500_size_cost_cluster_based_c1_25_c2_35_method_random_budget_100_seed_1234
togo_ph_h20_cluster_sampling_2_strata_desired_25ppc_2000_size_cost_cluster_based_c1_25_c2_35_method_random_budget_100_seed_1234
togo_ph_h20_cluster_sampling_2_strata_desired_25ppc_2500_size_cost_cluster_based_c1_25_c2_35_method_random_budget_100_seed_1234
togo_ph_h20_cluster_sampling_2_strata_desired_25ppc_500_size_cost_cluster_based_c1_25_c2_35_method_random_budget_100_seed_5678
togo_ph_h20_cluster_sampling_2_strata_desired_25ppc_1000_size_cost_cluster_based_c1_25_c2_35_method_random_budget_100_seed_5678
togo_ph_h20_cluster_sampling_2_strata_desired_25ppc_1500_size_cost_cluster_based_c1_25_c2_35_method_random_budget_100_seed_5678
togo_ph_h20_cluster_sampling_2_strata_desired_25ppc_2000_size_cost_cluster_based_c1_25_c2_35_method_random_budget_100_seed_5678
togo_ph_h20_cluster_sampling_2_strata_desired_25ppc_2500_size_cost_cluster_based_c1_25_c2_35_method_random_budget_100_seed_5678
togo_ph_h20_cluster_sampling_2_strata_desired_25ppc_500_size_cost_cluster_based_c1_25_c2_35_method_random_budget_100_seed_9101
togo_ph_h20_cluster_sampling_2_strata_desired_25ppc_1000_size_cost_cluster_based_c1_25_c2_35_method_random_budget_100_seed_9101
togo_ph_h20_cluster_sampling_2_strata_desired_25ppc_1500_size_cost_cluster_based_c1_25_c2_35_method_random_budget_100_seed_9101
togo_ph_h20_cluster_sampling_2_strata_desired_25ppc_2000_size_cost_cluster_based_c1_25_c2_35_method_random_budget_100_seed_9101
togo_ph_h20_cluster_sampling_2_strata_desired_25ppc_2500_size_cost_cluster_based_c1_25_c2_35_method_random_budget_100_seed_9101
togo_ph_h20_cluster_sampling_2_strata_desired_25ppc_500_size_cost_cluster_based_c1_25_c2_35_method_random_budget_100_seed_1213
togo_ph_h20_cluster_sampling_2_strata_desired_25ppc_1000_size_cost_cluster_based_c1_25_c2_35_method_random_budget_100_seed_1213
togo_ph_h20_cluster_sampling_2_strata_desired_25ppc_1500_size_cost_cluster_based_c1_25_c2_35_method_random_budget_100_seed_1213
togo_ph_h20_cluster_sampling_2_strata_desired_25ppc_2000_size_cost_cluster_based_c1_25_c2_35_method_random_budget_100_seed_1213
togo_ph_h20_cluster_sampling_2_strata_desired_25ppc_2500_size_cost_cluster_based_c1_25_c2_35_method_random_budget_100_seed_1213
togo_ph_h20_cluster_sampling_2_strata_desired_25ppc_500_size_cost_cluster_based_c1_25_c2_35_method_random_budget_100_seed_1415
togo_ph_h20_cluster_sampling_2_strata_desired_25ppc_1000_size_cost_cluster_based_c1_25_c2_35_method_random_budget_100_seed_1415
togo_ph_h20_cluster_sampling_2_strata_desired_25ppc_1500_size_cost_cluster_based_c1_25_c2_35_method_random_budget_100_seed_1415
togo_ph_h20_cluster_sampling_2_strata_desired_25ppc_2000_size_cost_cluster_based_c1_25_c2_35_method_random_budget_100_seed_1415
togo_ph_h20_cluster_sampling_2_strata_desired_25ppc_2500_size_cost_cluster_based_c1_25_c2_35_method_random_budget_100_seed_1415
togo_ph_h20_cluster_sampling_2_strata_desired_25ppc_3000_size_cost_cluster_based_c1_25_c2_35_method_random_budget_100_seed_1
togo_ph_h20_cluster_sampling_2_strata_desired_25ppc_3000_size_cost_cluster_based_c1_25_c2_35_method_random_budget_100_seed_42
togo_ph_h20_cluster_sampling_2_strata_desired_25ppc_3000_size_cost_cluster_based_c1_25_c2_35_method_random_budget_100_seed_123
togo_ph_h20_cluster_sampling_2_strata_desired_25ppc_3000_size_cost_cluster_based_c1_25_c2_35_method_random_budget_100_seed_456
togo_ph_h20_cluster_sampling_2_strata_desired_25ppc_3000_size_cost_cluster_based_c1_25_c2_35_method_random_budget_100_seed_789
togo_ph_h20_cluster_sampling_2_strata_desired_25ppc_3000_size_cost_cluster_based_c1_25_c2_35_method_random_budget_100_seed_1234
togo_ph_h20_cluster_sampling_2_strata_desired_25ppc_3000_size_cost_cluster_based_c1_25_c2_35_method_random_budget_100_seed_5678
togo_ph_h20_cluster_sampling_2_strata_desired_25ppc_3000_size_cost_cluster_based_c1_25_c2_35_method_random_budget_100_seed_9101
togo_ph_h20_cluster_sampling_2_strata_desired_25ppc_3000_size_cost_cluster_based_c1_25_c2_35_method_random_budget_100_seed_1213
togo_ph_h20_cluster_sampling_2_strata_desired_25ppc_3000_size_cost_cluster_based_c1_25_c2_35_method_random_budget_100_seed_1415
togo_ph_h20_cluster_sampling_2_strata_desired_25ppc_100_size_cost_cluster_based_c1_25_c2_35_method_random_budget_100_seed_1
togo_ph_h20_cluster_sampling_2_strata_desired_25ppc_100_size_cost_cluster_based_c1_25_c2_35_method_random_budget_100_seed_42
togo_ph_h20_cluster_sampling_2_strata_desired_25ppc_100_size_cost_cluster_based_c1_25_c2_35_method_random_budget_100_seed_123
togo_ph_h20_cluster_sampling_2_strata_desired_25ppc_100_size_cost_cluster_based_c1_25_c2_35_method_random_budget_100_seed_456
togo_ph_h20_cluster_sampling_2_strata_desired_25ppc_100_size_cost_cluster_based_c1_25_c2_35_method_random_budget_100_seed_789
togo_ph_h20_cluster_sampling_2_strata_desired_25ppc_100_size_cost_cluster_based_c1_25_c2_35_method_random_budget_100_seed_1234
togo_ph_h20_cluster_sampling_2_strata_desired_25ppc_100_size_cost_cluster_based_c1_25_c2_35_method_random_budget_100_seed_5678
togo_ph_h20_cluster_sampling_2_strata_desired_25ppc_100_size_cost_cluster_based_c1_25_c2_35_method_random_budget_100_seed_9101
togo_ph_h20_cluster_sampling_2_strata_desired_25ppc_100_size_cost_cluster_based_c1_25_c2_35_method_random_budget_100_seed_1213
togo_ph_h20_cluster_sampling_2_strata_desired_25ppc_100_size_cost_cluster_based_c1_25_c2_35_method_random_budget_100_seed_1415
