togo_cluster_sampling_2_strata_desired_25ppc_2000_size_cost_cluster_based_c1_25_c2_35_method_random_budget_500_seed_1
togo_cluster_sampling_2_strata_desired_25ppc_2000_size_cost_cluster_based_c1_25_c2_35_method_random_budget_1000_seed_1
togo_cluster_sampling_2_strata_desired_25ppc_2000_size_cost_cluster_based_c1_25_c2_35_method_random_budget_500_seed_1
togo_cluster_sampling_2_strata_desired_25ppc_2000_size_cost_cluster_based_c1_25_c2_35_method_random_budget_1000_seed_1
togo_cluster_sampling_2_strata_desired_25ppc_2000_size_cost_cluster_based_c1_25_c2_35_method_random_budget_500_seed_1
togo_cluster_sampling_2_strata_desired_25ppc_2000_size_cost_cluster_based_c1_25_c2_35_method_random_budget_1000_seed_1
togo_cluster_sampling_2_strata_desired_25ppc_2000_size_cost_cluster_based_c1_25_c2_35_method_random_budget_500_seed_1
togo_cluster_sampling_2_strata_desired_25ppc_2000_size_cost_cluster_based_c1_25_c2_35_method_random_budget_500_seed_1
togo_cluster_sampling_2_strata_desired_25ppc_2000_size_cost_cluster_based_c1_25_c2_35_method_random_budget_1000_seed_1
togo_cluster_sampling_2_strata_desired_25ppc_2000_size_cost_cluster_based_c1_25_c2_35_method_poprisk_0.5_regions_budget_1000_seed_1
togo_cluster_sampling_2_strata_desired_25ppc_2000_size_cost_cluster_based_c1_25_c2_35_method_poprisk_0.5_regions_budget_2000_seed_1
togo_ph_h20_cluster_sampling_2_strata_desired_25ppc_2000_size_cost_cluster_based_c1_25_c2_35_method_random_budget_1000_seed_1
togo_ph_h20_cluster_sampling_2_strata_desired_25ppc_2000_size_cost_cluster_based_c1_25_c2_35_method_random_budget_1000_seed_1
togo_ph_h20_cluster_sampling_2_strata_desired_25ppc_2000_size_cost_cluster_based_c1_25_c2_35_method_random_budget_1000_seed_1
togo_ph_h20_cluster_sampling_2_strata_desired_25ppc_1000_size_cost_cluster_based_c1_25_c2_35_method_random_budget_1000_seed_1
togo_ph_h20_cluster_sampling_2_strata_desired_25ppc_500_size_cost_cluster_based_c1_25_c2_35_method_random_budget_1000_seed_1
togo_ph_h20_cluster_sampling_2_strata_desired_25ppc_500_size_cost_cluster_based_c1_25_c2_35_method_similarity_budget_100_seed_1
togo_ph_h20_cluster_sampling_2_strata_desired_25ppc_500_size_cost_cluster_based_c1_25_c2_35_method_poprisk_1.0_regions_budget_100_seed_1415
togo_ph_h20_cluster_sampling_2_strata_desired_25ppc_500_size_cost_cluster_based_c1_25_c2_35_method_poprisk_1.0_regions_budget_200_seed_1415
togo_ph_h20_cluster_sampling_2_strata_desired_25ppc_500_size_cost_cluster_based_c1_25_c2_35_method_poprisk_1.0_regions_budget_300_seed_1415
togo_ph_h20_cluster_sampling_2_strata_desired_25ppc_500_size_cost_cluster_based_c1_25_c2_35_method_poprisk_1.0_regions_budget_400_seed_1415
togo_ph_h20_cluster_sampling_2_strata_desired_25ppc_500_size_cost_cluster_based_c1_25_c2_35_method_poprisk_0.5_regions_budget_400_seed_456
togo_ph_h20_cluster_sampling_2_strata_desired_25ppc_500_size_cost_cluster_based_c1_25_c2_35_method_poprisk_0.5_regions_budget_500_seed_456
togo_ph_h20_cluster_sampling_2_strata_desired_25ppc_500_size_cost_cluster_based_c1_25_c2_35_method_poprisk_0.5_regions_budget_600_seed_456
togo_ph_h20_cluster_sampling_2_strata_desired_25ppc_500_size_cost_cluster_based_c1_25_c2_35_method_poprisk_0.5_regions_budget_700_seed_456
togo_ph_h20_cluster_sampling_2_strata_desired_25ppc_500_size_cost_cluster_based_c1_25_c2_35_method_poprisk_0.5_regions_budget_800_seed_456
togo_ph_h20_cluster_sampling_2_strata_desired_25ppc_500_size_cost_cluster_based_c1_25_c2_35_method_poprisk_0.5_regions_budget_900_seed_456
togo_ph_h20_cluster_sampling_2_strata_desired_25ppc_500_size_cost_cluster_based_c1_25_c2_35_method_poprisk_0.5_regions_budget_1000_seed_456
togo_ph_h20_cluster_sampling_2_strata_desired_25ppc_500_size_cost_cluster_based_c1_25_c2_35_method_random_unit_budget_100_seed_456
togo_ph_h20_cluster_sampling_2_strata_desired_25ppc_500_size_cost_cluster_based_c1_25_c2_35_method_random_unit_budget_200_seed_456
togo_ph_h20_cluster_sampling_2_strata_desired_25ppc_500_size_cost_cluster_based_c1_25_c2_35_method_random_unit_budget_300_seed_456
togo_ph_h20_cluster_sampling_2_strata_desired_25ppc_500_size_cost_cluster_based_c1_25_c2_35_method_random_unit_budget_400_seed_456
togo_ph_h20_cluster_sampling_2_strata_desired_25ppc_500_size_cost_cluster_based_c1_25_c2_35_method_random_unit_budget_500_seed_456
togo_ph_h20_cluster_sampling_2_strata_desired_25ppc_500_size_cost_cluster_based_c1_25_c2_35_method_random_unit_budget_600_seed_456
togo_ph_h20_cluster_sampling_2_strata_desired_25ppc_500_size_cost_cluster_based_c1_10_c2_10_method_random_budget_100_seed_1
togo_ph_h20_cluster_sampling_2_strata_desired_25ppc_500_size_cost_cluster_based_c1_10_c2_10_method_random_budget_100_seed_1
togo_ph_h20_cluster_sampling_2_strata_desired_25ppc_500_size_cost_cluster_based_c1_25_c2_35_method_poprisk_mod_0.5_regions_budget_100_seed_1
togo_ph_h20_cluster_sampling_2_strata_desired_25ppc_500_size_cost_cluster_based_c1_25_c2_35_method_diversity_budget_100_seed_1
togo_multiple_cluster_sampling_2_strata_desired_25ppc_1500_size_cost_cluster_based_c1_25_c2_35_method_random_budget_100_seed_1
togo_multiple_cluster_sampling_2_strata_desired_25ppc_1500_size_cost_cluster_based_c1_25_c2_35_method_random_budget_200_seed_1
togo_multiple_cluster_sampling_2_strata_desired_25ppc_1500_size_cost_cluster_based_c1_25_c2_35_method_random_budget_300_seed_1
togo_multiple_cluster_sampling_2_strata_desired_25ppc_1500_size_cost_cluster_based_c1_25_c2_35_method_random_budget_400_seed_1
togo_multiple_cluster_sampling_2_strata_desired_25ppc_1500_size_cost_cluster_based_c1_25_c2_35_method_random_budget_500_seed_1
togo_multiple_cluster_sampling_2_strata_desired_25ppc_1500_size_cost_cluster_based_c1_25_c2_35_method_random_budget_600_seed_1
togo_multiple_cluster_sampling_2_strata_desired_25ppc_1500_size_cost_cluster_based_c1_25_c2_35_method_random_budget_700_seed_1
togo_multiple_cluster_sampling_2_strata_desired_25ppc_1500_size_cost_cluster_based_c1_25_c2_35_method_random_budget_800_seed_1
togo_multiple_cluster_sampling_2_strata_desired_25ppc_1500_size_cost_cluster_based_c1_25_c2_35_method_random_budget_900_seed_1
togo_multiple_cluster_sampling_2_strata_desired_25ppc_1500_size_cost_cluster_based_c1_25_c2_35_method_random_budget_1000_seed_1
togo_multiple_cluster_sampling_2_strata_desired_25ppc_1500_size_cost_cluster_based_c1_25_c2_35_method_random_budget_100_seed_42
togo_multiple_cluster_sampling_2_strata_desired_25ppc_1500_size_cost_cluster_based_c1_25_c2_35_method_random_budget_200_seed_42
togo_multiple_cluster_sampling_2_strata_desired_25ppc_1500_size_cost_cluster_based_c1_25_c2_35_method_random_budget_300_seed_42
togo_multiple_cluster_sampling_2_strata_desired_25ppc_1500_size_cost_cluster_based_c1_25_c2_35_method_random_budget_400_seed_42
togo_multiple_cluster_sampling_2_strata_desired_25ppc_1500_size_cost_cluster_based_c1_25_c2_35_method_random_budget_500_seed_42
togo_multiple_cluster_sampling_2_strata_desired_25ppc_1500_size_cost_cluster_based_c1_25_c2_35_method_random_budget_600_seed_42
togo_multiple_cluster_sampling_2_strata_desired_25ppc_1500_size_cost_cluster_based_c1_25_c2_35_method_random_budget_700_seed_42
togo_multiple_cluster_sampling_2_strata_desired_25ppc_1500_size_cost_cluster_based_c1_25_c2_35_method_random_budget_800_seed_42
togo_multiple_cluster_sampling_2_strata_desired_25ppc_1500_size_cost_cluster_based_c1_25_c2_35_method_random_budget_900_seed_42
togo_multiple_cluster_sampling_2_strata_desired_25ppc_1500_size_cost_cluster_based_c1_25_c2_35_method_random_budget_1000_seed_42
togo_multiple_cluster_sampling_2_strata_desired_25ppc_1500_size_cost_cluster_based_c1_25_c2_35_method_random_budget_100_seed_123
togo_multiple_cluster_sampling_2_strata_desired_25ppc_1500_size_cost_cluster_based_c1_25_c2_35_method_random_budget_200_seed_123
togo_multiple_cluster_sampling_2_strata_desired_25ppc_1500_size_cost_cluster_based_c1_25_c2_35_method_random_budget_300_seed_123
togo_multiple_cluster_sampling_2_strata_desired_25ppc_1500_size_cost_cluster_based_c1_25_c2_35_method_random_budget_400_seed_123
togo_multiple_cluster_sampling_2_strata_desired_25ppc_1500_size_cost_cluster_based_c1_25_c2_35_method_random_budget_500_seed_123
togo_multiple_cluster_sampling_2_strata_desired_25ppc_1500_size_cost_cluster_based_c1_25_c2_35_method_random_budget_600_seed_123
togo_multiple_cluster_sampling_2_strata_desired_25ppc_1500_size_cost_cluster_based_c1_25_c2_35_method_random_budget_700_seed_123
togo_multiple_cluster_sampling_2_strata_desired_25ppc_1500_size_cost_cluster_based_c1_25_c2_35_method_random_budget_800_seed_123
togo_multiple_cluster_sampling_2_strata_desired_25ppc_1500_size_cost_cluster_based_c1_25_c2_35_method_random_budget_900_seed_123
togo_multiple_cluster_sampling_2_strata_desired_25ppc_1500_size_cost_cluster_based_c1_25_c2_35_method_random_budget_1000_seed_123
togo_multiple_cluster_sampling_2_strata_desired_25ppc_1500_size_cost_cluster_based_c1_25_c2_35_method_random_budget_100_seed_456
togo_multiple_cluster_sampling_2_strata_desired_25ppc_1500_size_cost_cluster_based_c1_25_c2_35_method_random_budget_200_seed_456
togo_multiple_cluster_sampling_2_strata_desired_25ppc_1500_size_cost_cluster_based_c1_25_c2_35_method_random_budget_300_seed_456
togo_multiple_cluster_sampling_2_strata_desired_25ppc_1500_size_cost_cluster_based_c1_25_c2_35_method_random_budget_400_seed_456
togo_multiple_cluster_sampling_2_strata_desired_25ppc_1500_size_cost_cluster_based_c1_25_c2_35_method_random_budget_500_seed_456
togo_multiple_cluster_sampling_2_strata_desired_25ppc_1500_size_cost_cluster_based_c1_25_c2_35_method_random_budget_600_seed_456
togo_multiple_cluster_sampling_2_strata_desired_25ppc_1500_size_cost_cluster_based_c1_25_c2_35_method_random_budget_700_seed_456
togo_multiple_cluster_sampling_2_strata_desired_25ppc_1500_size_cost_cluster_based_c1_25_c2_35_method_random_budget_800_seed_456
togo_multiple_cluster_sampling_2_strata_desired_25ppc_1500_size_cost_cluster_based_c1_25_c2_35_method_random_budget_900_seed_456
togo_multiple_cluster_sampling_2_strata_desired_25ppc_1500_size_cost_cluster_based_c1_25_c2_35_method_random_budget_1000_seed_456
togo_multiple_cluster_sampling_2_strata_desired_25ppc_1500_size_cost_cluster_based_c1_25_c2_35_method_random_budget_100_seed_789
togo_multiple_cluster_sampling_2_strata_desired_25ppc_1500_size_cost_cluster_based_c1_25_c2_35_method_random_budget_200_seed_789
togo_multiple_cluster_sampling_2_strata_desired_25ppc_1500_size_cost_cluster_based_c1_25_c2_35_method_random_budget_300_seed_789
togo_multiple_cluster_sampling_2_strata_desired_25ppc_1500_size_cost_cluster_based_c1_25_c2_35_method_random_budget_400_seed_789
togo_multiple_cluster_sampling_2_strata_desired_25ppc_500_size_cost_cluster_based_c1_25_c2_35_method_poprisk_avg_budget_100_seed_1
togo_multiple_cluster_sampling_2_strata_desired_25ppc_500_size_cost_cluster_based_c1_25_c2_35_method_poprisk_avg_budget_200_seed_1
togo_multiple_cluster_sampling_2_strata_desired_25ppc_500_size_cost_cluster_based_c1_25_c2_35_method_poprisk_avg_budget_300_seed_1
togo_multiple_cluster_sampling_2_strata_desired_25ppc_500_size_cost_cluster_based_c1_25_c2_35_method_poprisk_avg_budget_400_seed_1
togo_multiple_cluster_sampling_2_strata_desired_25ppc_500_size_cost_cluster_based_c1_25_c2_35_method_poprisk_avg_budget_500_seed_1
togo_multiple_cluster_sampling_2_strata_desired_25ppc_500_size_cost_cluster_based_c1_25_c2_35_method_poprisk_avg_budget_600_seed_1
togo_multiple_cluster_sampling_2_strata_desired_25ppc_500_size_cost_cluster_based_c1_25_c2_35_method_poprisk_avg_budget_700_seed_1
togo_multiple_cluster_sampling_2_strata_desired_25ppc_500_size_cost_cluster_based_c1_25_c2_35_method_poprisk_avg_budget_800_seed_1
togo_multiple_cluster_sampling_2_strata_desired_25ppc_500_size_cost_cluster_based_c1_25_c2_35_method_poprisk_avg_budget_900_seed_1
togo_multiple_cluster_sampling_2_strata_desired_25ppc_500_size_cost_cluster_based_c1_25_c2_35_method_poprisk_avg_budget_1000_seed_1
togo_multiple_cluster_sampling_2_strata_desired_25ppc_1000_size_cost_cluster_based_c1_25_c2_35_method_poprisk_avg_budget_100_seed_1
togo_multiple_cluster_sampling_2_strata_desired_25ppc_1000_size_cost_cluster_based_c1_25_c2_35_method_poprisk_avg_budget_200_seed_1
togo_multiple_cluster_sampling_2_strata_desired_25ppc_1000_size_cost_cluster_based_c1_25_c2_35_method_poprisk_avg_budget_300_seed_1
togo_multiple_cluster_sampling_2_strata_desired_25ppc_1000_size_cost_cluster_based_c1_25_c2_35_method_poprisk_avg_budget_400_seed_1
togo_multiple_cluster_sampling_2_strata_desired_25ppc_1000_size_cost_cluster_based_c1_25_c2_35_method_poprisk_avg_budget_500_seed_1
togo_multiple_cluster_sampling_2_strata_desired_25ppc_1000_size_cost_cluster_based_c1_25_c2_35_method_poprisk_avg_budget_600_seed_1
togo_multiple_cluster_sampling_2_strata_desired_25ppc_1000_size_cost_cluster_based_c1_25_c2_35_method_poprisk_avg_budget_700_seed_1
togo_multiple_cluster_sampling_2_strata_desired_25ppc_1000_size_cost_cluster_based_c1_25_c2_35_method_poprisk_avg_budget_800_seed_1
togo_multiple_cluster_sampling_2_strata_desired_25ppc_1000_size_cost_cluster_based_c1_25_c2_35_method_poprisk_avg_budget_900_seed_1
togo_multiple_cluster_sampling_2_strata_desired_25ppc_1000_size_cost_cluster_based_c1_25_c2_35_method_poprisk_avg_budget_1000_seed_1
togo_multiple_cluster_sampling_2_strata_desired_25ppc_1500_size_cost_cluster_based_c1_25_c2_35_method_poprisk_avg_budget_100_seed_1
togo_multiple_cluster_sampling_2_strata_desired_25ppc_1500_size_cost_cluster_based_c1_25_c2_35_method_poprisk_avg_budget_200_seed_1
togo_multiple_cluster_sampling_2_strata_desired_25ppc_1500_size_cost_cluster_based_c1_25_c2_35_method_poprisk_avg_budget_300_seed_1
togo_multiple_cluster_sampling_2_strata_desired_25ppc_1500_size_cost_cluster_based_c1_25_c2_35_method_poprisk_avg_budget_400_seed_1
togo_multiple_cluster_sampling_2_strata_desired_25ppc_1500_size_cost_cluster_based_c1_25_c2_35_method_poprisk_avg_budget_500_seed_1
togo_multiple_cluster_sampling_2_strata_desired_25ppc_1500_size_cost_cluster_based_c1_25_c2_35_method_poprisk_avg_budget_600_seed_1
togo_multiple_cluster_sampling_2_strata_desired_25ppc_1500_size_cost_cluster_based_c1_25_c2_35_method_poprisk_avg_budget_700_seed_1
togo_multiple_cluster_sampling_2_strata_desired_25ppc_1500_size_cost_cluster_based_c1_25_c2_35_method_poprisk_avg_budget_800_seed_1
togo_multiple_cluster_sampling_2_strata_desired_25ppc_1500_size_cost_cluster_based_c1_25_c2_35_method_poprisk_avg_budget_900_seed_1
togo_multiple_cluster_sampling_2_strata_desired_25ppc_1500_size_cost_cluster_based_c1_25_c2_35_method_poprisk_avg_budget_1000_seed_1
togo_multiple_cluster_sampling_2_strata_desired_25ppc_2000_size_cost_cluster_based_c1_25_c2_35_method_poprisk_avg_budget_100_seed_1
togo_multiple_cluster_sampling_2_strata_desired_25ppc_2000_size_cost_cluster_based_c1_25_c2_35_method_poprisk_avg_budget_200_seed_1
togo_multiple_cluster_sampling_2_strata_desired_25ppc_2000_size_cost_cluster_based_c1_25_c2_35_method_poprisk_avg_budget_300_seed_1
togo_multiple_cluster_sampling_2_strata_desired_25ppc_2000_size_cost_cluster_based_c1_25_c2_35_method_poprisk_avg_budget_400_seed_1
togo_multiple_cluster_sampling_2_strata_desired_25ppc_2000_size_cost_cluster_based_c1_25_c2_35_method_poprisk_avg_budget_500_seed_1
togo_multiple_cluster_sampling_2_strata_desired_25ppc_2000_size_cost_cluster_based_c1_25_c2_35_method_poprisk_avg_budget_600_seed_1
togo_multiple_cluster_sampling_2_strata_desired_25ppc_2000_size_cost_cluster_based_c1_25_c2_35_method_poprisk_avg_budget_700_seed_1
togo_multiple_cluster_sampling_2_strata_desired_25ppc_2000_size_cost_cluster_based_c1_25_c2_35_method_poprisk_avg_budget_800_seed_1
togo_multiple_cluster_sampling_2_strata_desired_25ppc_2000_size_cost_cluster_based_c1_25_c2_35_method_poprisk_avg_budget_900_seed_1
togo_multiple_cluster_sampling_2_strata_desired_25ppc_2000_size_cost_cluster_based_c1_25_c2_35_method_poprisk_avg_budget_1000_seed_1
togo_multiple_cluster_sampling_2_strata_desired_25ppc_500_size_cost_cluster_based_c1_25_c2_35_method_poprisk_avg_budget_100_seed_1
togo_multiple_cluster_sampling_2_strata_desired_25ppc_500_size_cost_cluster_based_c1_25_c2_35_method_poprisk_avg_budget_200_seed_1
togo_multiple_cluster_sampling_2_strata_desired_25ppc_500_size_cost_cluster_based_c1_25_c2_35_method_poprisk_avg_budget_300_seed_1
togo_multiple_cluster_sampling_2_strata_desired_25ppc_500_size_cost_cluster_based_c1_25_c2_35_method_poprisk_avg_budget_400_seed_1
togo_multiple_cluster_sampling_2_strata_desired_25ppc_500_size_cost_cluster_based_c1_25_c2_35_method_poprisk_avg_budget_500_seed_1
togo_multiple_cluster_sampling_2_strata_desired_25ppc_500_size_cost_cluster_based_c1_25_c2_35_method_poprisk_avg_budget_600_seed_1
togo_multiple_cluster_sampling_2_strata_desired_25ppc_500_size_cost_cluster_based_c1_25_c2_35_method_poprisk_avg_budget_700_seed_1
togo_multiple_cluster_sampling_2_strata_desired_25ppc_500_size_cost_cluster_based_c1_25_c2_35_method_poprisk_avg_budget_800_seed_1
togo_multiple_cluster_sampling_2_strata_desired_25ppc_500_size_cost_cluster_based_c1_25_c2_35_method_poprisk_avg_budget_900_seed_1
togo_multiple_cluster_sampling_2_strata_desired_25ppc_500_size_cost_cluster_based_c1_25_c2_35_method_poprisk_avg_budget_1000_seed_1
togo_multiple_cluster_sampling_2_strata_desired_25ppc_1000_size_cost_cluster_based_c1_25_c2_35_method_poprisk_avg_budget_100_seed_1
togo_multiple_cluster_sampling_2_strata_desired_25ppc_1000_size_cost_cluster_based_c1_25_c2_35_method_poprisk_avg_budget_200_seed_1
togo_multiple_cluster_sampling_2_strata_desired_25ppc_1000_size_cost_cluster_based_c1_25_c2_35_method_poprisk_avg_budget_300_seed_1
togo_multiple_cluster_sampling_2_strata_desired_25ppc_1000_size_cost_cluster_based_c1_25_c2_35_method_poprisk_avg_budget_400_seed_1
togo_multiple_cluster_sampling_2_strata_desired_25ppc_1000_size_cost_cluster_based_c1_25_c2_35_method_poprisk_avg_budget_500_seed_1
togo_multiple_cluster_sampling_2_strata_desired_25ppc_1000_size_cost_cluster_based_c1_25_c2_35_method_poprisk_avg_budget_600_seed_1
togo_multiple_cluster_sampling_2_strata_desired_25ppc_1000_size_cost_cluster_based_c1_25_c2_35_method_poprisk_avg_budget_700_seed_1
togo_multiple_cluster_sampling_2_strata_desired_25ppc_1000_size_cost_cluster_based_c1_25_c2_35_method_poprisk_avg_budget_800_seed_1
togo_multiple_cluster_sampling_2_strata_desired_25ppc_1000_size_cost_cluster_based_c1_25_c2_35_method_poprisk_avg_budget_900_seed_1
togo_multiple_cluster_sampling_2_strata_desired_25ppc_1000_size_cost_cluster_based_c1_25_c2_35_method_poprisk_avg_budget_1000_seed_1
togo_multiple_cluster_sampling_2_strata_desired_25ppc_1500_size_cost_cluster_based_c1_25_c2_35_method_poprisk_avg_budget_100_seed_1
togo_multiple_cluster_sampling_2_strata_desired_25ppc_1500_size_cost_cluster_based_c1_25_c2_35_method_poprisk_avg_budget_200_seed_1
togo_multiple_cluster_sampling_2_strata_desired_25ppc_1500_size_cost_cluster_based_c1_25_c2_35_method_poprisk_avg_budget_300_seed_1
togo_multiple_cluster_sampling_2_strata_desired_25ppc_1500_size_cost_cluster_based_c1_25_c2_35_method_poprisk_avg_budget_400_seed_1
togo_multiple_cluster_sampling_2_strata_desired_25ppc_1500_size_cost_cluster_based_c1_25_c2_35_method_poprisk_avg_budget_500_seed_1
togo_multiple_cluster_sampling_2_strata_desired_25ppc_1500_size_cost_cluster_based_c1_25_c2_35_method_poprisk_avg_budget_600_seed_1
togo_multiple_cluster_sampling_2_strata_desired_25ppc_1500_size_cost_cluster_based_c1_25_c2_35_method_poprisk_avg_budget_700_seed_1
togo_multiple_cluster_sampling_2_strata_desired_25ppc_1500_size_cost_cluster_based_c1_25_c2_35_method_poprisk_avg_budget_800_seed_1
togo_multiple_cluster_sampling_2_strata_desired_25ppc_1500_size_cost_cluster_based_c1_25_c2_35_method_poprisk_avg_budget_900_seed_1
togo_multiple_cluster_sampling_2_strata_desired_25ppc_1500_size_cost_cluster_based_c1_25_c2_35_method_poprisk_avg_budget_1000_seed_1
togo_multiple_cluster_sampling_2_strata_desired_25ppc_2000_size_cost_cluster_based_c1_25_c2_35_method_poprisk_avg_budget_100_seed_1
togo_multiple_cluster_sampling_2_strata_desired_25ppc_2000_size_cost_cluster_based_c1_25_c2_35_method_poprisk_avg_budget_200_seed_1
togo_multiple_cluster_sampling_2_strata_desired_25ppc_2000_size_cost_cluster_based_c1_25_c2_35_method_poprisk_avg_budget_300_seed_1
togo_multiple_cluster_sampling_2_strata_desired_25ppc_2000_size_cost_cluster_based_c1_25_c2_35_method_poprisk_avg_budget_400_seed_1
togo_multiple_cluster_sampling_2_strata_desired_25ppc_2000_size_cost_cluster_based_c1_25_c2_35_method_poprisk_avg_budget_500_seed_1
togo_multiple_cluster_sampling_2_strata_desired_25ppc_2000_size_cost_cluster_based_c1_25_c2_35_method_poprisk_avg_budget_600_seed_1
togo_multiple_cluster_sampling_2_strata_desired_25ppc_2000_size_cost_cluster_based_c1_25_c2_35_method_poprisk_avg_budget_700_seed_1
togo_multiple_cluster_sampling_2_strata_desired_25ppc_2000_size_cost_cluster_based_c1_25_c2_35_method_poprisk_avg_budget_800_seed_1
togo_multiple_cluster_sampling_2_strata_desired_25ppc_2000_size_cost_cluster_based_c1_25_c2_35_method_poprisk_avg_budget_900_seed_1
togo_multiple_cluster_sampling_2_strata_desired_25ppc_2000_size_cost_cluster_based_c1_25_c2_35_method_poprisk_avg_budget_1000_seed_1
togo_multiple_cluster_sampling_2_strata_desired_25ppc_2500_size_cost_cluster_based_c1_25_c2_35_method_poprisk_avg_budget_100_seed_1
togo_multiple_cluster_sampling_2_strata_desired_25ppc_2500_size_cost_cluster_based_c1_25_c2_35_method_poprisk_avg_budget_200_seed_1
togo_multiple_cluster_sampling_2_strata_desired_25ppc_2500_size_cost_cluster_based_c1_25_c2_35_method_poprisk_avg_budget_300_seed_1
togo_multiple_cluster_sampling_2_strata_desired_25ppc_2500_size_cost_cluster_based_c1_25_c2_35_method_poprisk_avg_budget_400_seed_1
togo_multiple_cluster_sampling_2_strata_desired_25ppc_2500_size_cost_cluster_based_c1_25_c2_35_method_poprisk_avg_budget_500_seed_1
togo_multiple_cluster_sampling_2_strata_desired_25ppc_2500_size_cost_cluster_based_c1_25_c2_35_method_poprisk_avg_budget_600_seed_1
togo_multiple_cluster_sampling_2_strata_desired_25ppc_2500_size_cost_cluster_based_c1_25_c2_35_method_poprisk_avg_budget_700_seed_1
togo_multiple_cluster_sampling_2_strata_desired_25ppc_2500_size_cost_cluster_based_c1_25_c2_35_method_poprisk_avg_budget_800_seed_1
togo_multiple_cluster_sampling_2_strata_desired_25ppc_2500_size_cost_cluster_based_c1_25_c2_35_method_poprisk_avg_budget_900_seed_1
togo_multiple_cluster_sampling_2_strata_desired_25ppc_2500_size_cost_cluster_based_c1_25_c2_35_method_poprisk_avg_budget_1000_seed_1
togo_ph_h20_cluster_sampling_2_strata_desired_25ppc_1000_size_cost_cluster_based_c1_25_c2_35_method_poprisk_avg_0.5_image_clusters_3_budget_100_seed_1
togo_ph_h20_cluster_sampling_2_strata_desired_25ppc_1000_size_cost_cluster_based_c1_25_c2_35_method_poprisk_avg_0.5_image_clusters_3_budget_200_seed_1
togo_ph_h20_cluster_sampling_2_strata_desired_25ppc_1000_size_cost_cluster_based_c1_25_c2_35_method_poprisk_avg_0.5_image_clusters_3_budget_300_seed_1
togo_ph_h20_cluster_sampling_2_strata_desired_25ppc_1000_size_cost_cluster_based_c1_25_c2_35_method_poprisk_avg_0.5_image_clusters_3_budget_400_seed_1
togo_ph_h20_cluster_sampling_2_strata_desired_25ppc_1000_size_cost_cluster_based_c1_25_c2_35_method_poprisk_avg_0.5_image_clusters_3_budget_500_seed_1
togo_ph_h20_cluster_sampling_2_strata_desired_25ppc_1000_size_cost_cluster_based_c1_25_c2_35_method_poprisk_avg_0.5_image_clusters_3_budget_600_seed_1
togo_ph_h20_cluster_sampling_2_strata_desired_25ppc_1000_size_cost_cluster_based_c1_25_c2_35_method_poprisk_avg_0.5_image_clusters_3_budget_700_seed_1
togo_ph_h20_cluster_sampling_2_strata_desired_25ppc_1000_size_cost_cluster_based_c1_25_c2_35_method_poprisk_avg_0.5_image_clusters_3_budget_800_seed_1
togo_ph_h20_cluster_sampling_2_strata_desired_25ppc_1000_size_cost_cluster_based_c1_25_c2_35_method_poprisk_avg_0.5_image_clusters_3_budget_900_seed_1
togo_ph_h20_cluster_sampling_2_strata_desired_25ppc_1000_size_cost_cluster_based_c1_25_c2_35_method_poprisk_avg_0.5_image_clusters_3_budget_1000_seed_1
togo_ph_h20_cluster_sampling_2_strata_desired_25ppc_1500_size_cost_cluster_based_c1_25_c2_35_method_poprisk_avg_0.5_image_clusters_3_budget_100_seed_1
togo_ph_h20_cluster_sampling_2_strata_desired_25ppc_1500_size_cost_cluster_based_c1_25_c2_35_method_poprisk_avg_0.5_image_clusters_3_budget_200_seed_1
togo_ph_h20_cluster_sampling_2_strata_desired_25ppc_1500_size_cost_cluster_based_c1_25_c2_35_method_poprisk_avg_0.5_image_clusters_3_budget_300_seed_1
togo_ph_h20_cluster_sampling_2_strata_desired_25ppc_1500_size_cost_cluster_based_c1_25_c2_35_method_poprisk_avg_0.5_image_clusters_3_budget_400_seed_1
togo_ph_h20_cluster_sampling_2_strata_desired_25ppc_1500_size_cost_cluster_based_c1_25_c2_35_method_poprisk_avg_0.5_image_clusters_3_budget_500_seed_1
togo_ph_h20_cluster_sampling_2_strata_desired_25ppc_1500_size_cost_cluster_based_c1_25_c2_35_method_poprisk_avg_0.5_image_clusters_3_budget_600_seed_1
togo_ph_h20_cluster_sampling_2_strata_desired_25ppc_1500_size_cost_cluster_based_c1_25_c2_35_method_poprisk_avg_0.5_image_clusters_3_budget_700_seed_1
togo_ph_h20_cluster_sampling_2_strata_desired_25ppc_1500_size_cost_cluster_based_c1_25_c2_35_method_poprisk_avg_0.5_image_clusters_3_budget_800_seed_1
togo_ph_h20_cluster_sampling_2_strata_desired_25ppc_1500_size_cost_cluster_based_c1_25_c2_35_method_poprisk_avg_0.5_image_clusters_3_budget_900_seed_1
togo_ph_h20_cluster_sampling_2_strata_desired_25ppc_1500_size_cost_cluster_based_c1_25_c2_35_method_poprisk_avg_0.5_image_clusters_3_budget_1000_seed_1
togo_ph_h20_cluster_sampling_2_strata_desired_25ppc_2500_size_cost_cluster_based_c1_25_c2_35_method_poprisk_avg_0.5_image_clusters_3_budget_100_seed_1
togo_ph_h20_cluster_sampling_2_strata_desired_25ppc_2500_size_cost_cluster_based_c1_25_c2_35_method_poprisk_avg_0.5_image_clusters_3_budget_200_seed_1
togo_ph_h20_cluster_sampling_2_strata_desired_25ppc_2500_size_cost_cluster_based_c1_25_c2_35_method_poprisk_avg_0.5_image_clusters_3_budget_300_seed_1
togo_ph_h20_cluster_sampling_2_strata_desired_25ppc_2500_size_cost_cluster_based_c1_25_c2_35_method_poprisk_avg_0.5_image_clusters_3_budget_400_seed_1
togo_ph_h20_cluster_sampling_2_strata_desired_25ppc_2500_size_cost_cluster_based_c1_25_c2_35_method_poprisk_avg_0.5_image_clusters_3_budget_500_seed_1
togo_ph_h20_cluster_sampling_2_strata_desired_25ppc_2500_size_cost_cluster_based_c1_25_c2_35_method_poprisk_avg_0.5_image_clusters_3_budget_600_seed_1
togo_ph_h20_cluster_sampling_2_strata_desired_25ppc_2500_size_cost_cluster_based_c1_25_c2_35_method_poprisk_avg_0.5_image_clusters_3_budget_700_seed_1
togo_ph_h20_cluster_sampling_2_strata_desired_25ppc_2500_size_cost_cluster_based_c1_25_c2_35_method_poprisk_avg_0.5_image_clusters_3_budget_800_seed_1
togo_ph_h20_cluster_sampling_2_strata_desired_25ppc_2500_size_cost_cluster_based_c1_25_c2_35_method_poprisk_avg_0.5_image_clusters_3_budget_900_seed_1
togo_ph_h20_cluster_sampling_2_strata_desired_25ppc_2500_size_cost_cluster_based_c1_25_c2_35_method_poprisk_avg_0.5_image_clusters_3_budget_1000_seed_1
togo_ph_h20_cluster_sampling_2_strata_desired_25ppc_1000_size_cost_cluster_based_c1_25_c2_35_method_poprisk_avg_0.5_image_clusters_3_budget_100_seed_42
togo_ph_h20_cluster_sampling_2_strata_desired_25ppc_1000_size_cost_cluster_based_c1_25_c2_35_method_poprisk_avg_0.5_image_clusters_3_budget_200_seed_42
togo_ph_h20_cluster_sampling_2_strata_desired_25ppc_1000_size_cost_cluster_based_c1_25_c2_35_method_poprisk_avg_0.5_image_clusters_3_budget_300_seed_42
togo_ph_h20_cluster_sampling_2_strata_desired_25ppc_1000_size_cost_cluster_based_c1_25_c2_35_method_poprisk_avg_0.5_image_clusters_3_budget_400_seed_42
togo_ph_h20_cluster_sampling_2_strata_desired_25ppc_1000_size_cost_cluster_based_c1_25_c2_35_method_poprisk_avg_0.5_image_clusters_3_budget_500_seed_42
togo_ph_h20_cluster_sampling_2_strata_desired_25ppc_1000_size_cost_cluster_based_c1_25_c2_35_method_poprisk_avg_0.5_image_clusters_3_budget_600_seed_42
togo_ph_h20_cluster_sampling_2_strata_desired_25ppc_1000_size_cost_cluster_based_c1_25_c2_35_method_poprisk_avg_0.5_image_clusters_3_budget_700_seed_42
togo_ph_h20_cluster_sampling_2_strata_desired_25ppc_1000_size_cost_cluster_based_c1_25_c2_35_method_poprisk_avg_0.5_image_clusters_3_budget_800_seed_42
togo_ph_h20_cluster_sampling_2_strata_desired_25ppc_1000_size_cost_cluster_based_c1_25_c2_35_method_poprisk_avg_0.5_image_clusters_3_budget_900_seed_42
togo_ph_h20_cluster_sampling_2_strata_desired_25ppc_1000_size_cost_cluster_based_c1_25_c2_35_method_poprisk_avg_0.5_image_clusters_3_budget_1000_seed_42
togo_ph_h20_cluster_sampling_2_strata_desired_25ppc_1500_size_cost_cluster_based_c1_25_c2_35_method_poprisk_avg_0.5_image_clusters_3_budget_100_seed_42
togo_ph_h20_cluster_sampling_2_strata_desired_25ppc_1500_size_cost_cluster_based_c1_25_c2_35_method_poprisk_avg_0.5_image_clusters_3_budget_200_seed_42
togo_ph_h20_cluster_sampling_2_strata_desired_25ppc_1500_size_cost_cluster_based_c1_25_c2_35_method_poprisk_avg_0.5_image_clusters_3_budget_300_seed_42
togo_ph_h20_cluster_sampling_2_strata_desired_25ppc_1500_size_cost_cluster_based_c1_25_c2_35_method_poprisk_avg_0.5_image_clusters_3_budget_400_seed_42
togo_ph_h20_cluster_sampling_2_strata_desired_25ppc_1500_size_cost_cluster_based_c1_25_c2_35_method_poprisk_avg_0.5_image_clusters_3_budget_500_seed_42
togo_ph_h20_cluster_sampling_2_strata_desired_25ppc_1500_size_cost_cluster_based_c1_25_c2_35_method_poprisk_avg_0.5_image_clusters_3_budget_600_seed_42
togo_ph_h20_cluster_sampling_2_strata_desired_25ppc_1500_size_cost_cluster_based_c1_25_c2_35_method_poprisk_avg_0.5_image_clusters_3_budget_700_seed_42
togo_ph_h20_cluster_sampling_2_strata_desired_25ppc_1500_size_cost_cluster_based_c1_25_c2_35_method_poprisk_avg_0.5_image_clusters_3_budget_800_seed_42
togo_ph_h20_cluster_sampling_2_strata_desired_25ppc_1500_size_cost_cluster_based_c1_25_c2_35_method_poprisk_avg_0.5_image_clusters_3_budget_900_seed_42
togo_ph_h20_cluster_sampling_2_strata_desired_25ppc_1500_size_cost_cluster_based_c1_25_c2_35_method_poprisk_avg_0.5_image_clusters_3_budget_1000_seed_42
togo_multiple_cluster_sampling_2_strata_desired_25ppc_500_size_cost_cluster_based_c1_25_c2_35_method_poprisk_avg_budget_100_seed_1
togo_ph_h20_cluster_sampling_2_strata_desired_25ppc_2500_size_cost_cluster_based_c1_25_c2_35_method_poprisk_avg_0.5_image_clusters_3_budget_100_seed_42
togo_ph_h20_cluster_sampling_2_strata_desired_25ppc_2500_size_cost_cluster_based_c1_25_c2_35_method_poprisk_avg_0.5_image_clusters_3_budget_200_seed_42
togo_ph_h20_cluster_sampling_2_strata_desired_25ppc_2500_size_cost_cluster_based_c1_25_c2_35_method_poprisk_avg_0.5_image_clusters_3_budget_300_seed_42
togo_ph_h20_cluster_sampling_2_strata_desired_25ppc_2500_size_cost_cluster_based_c1_25_c2_35_method_poprisk_avg_0.5_image_clusters_3_budget_400_seed_42
togo_ph_h20_cluster_sampling_2_strata_desired_25ppc_2500_size_cost_cluster_based_c1_25_c2_35_method_poprisk_avg_0.5_image_clusters_3_budget_500_seed_42
togo_ph_h20_cluster_sampling_2_strata_desired_25ppc_2500_size_cost_cluster_based_c1_25_c2_35_method_poprisk_avg_0.5_image_clusters_3_budget_600_seed_42
togo_ph_h20_cluster_sampling_2_strata_desired_25ppc_2500_size_cost_cluster_based_c1_25_c2_35_method_poprisk_avg_0.5_image_clusters_3_budget_700_seed_42
togo_ph_h20_cluster_sampling_2_strata_desired_25ppc_2500_size_cost_cluster_based_c1_25_c2_35_method_poprisk_avg_0.5_image_clusters_3_budget_800_seed_42
togo_ph_h20_cluster_sampling_2_strata_desired_25ppc_2500_size_cost_cluster_based_c1_25_c2_35_method_poprisk_avg_0.5_image_clusters_3_budget_900_seed_42
togo_ph_h20_cluster_sampling_2_strata_desired_25ppc_2500_size_cost_cluster_based_c1_25_c2_35_method_poprisk_avg_0.5_image_clusters_3_budget_1000_seed_42
togo_ph_h20_cluster_sampling_2_strata_desired_25ppc_1000_size_cost_cluster_based_c1_25_c2_35_method_poprisk_avg_0.5_image_clusters_3_budget_100_seed_123
togo_ph_h20_cluster_sampling_2_strata_desired_25ppc_1000_size_cost_cluster_based_c1_25_c2_35_method_poprisk_avg_0.5_image_clusters_3_budget_200_seed_123
togo_ph_h20_cluster_sampling_2_strata_desired_25ppc_1000_size_cost_cluster_based_c1_25_c2_35_method_poprisk_avg_0.5_image_clusters_3_budget_300_seed_123
togo_ph_h20_cluster_sampling_2_strata_desired_25ppc_1000_size_cost_cluster_based_c1_25_c2_35_method_poprisk_avg_0.5_image_clusters_3_budget_400_seed_123
togo_ph_h20_cluster_sampling_2_strata_desired_25ppc_1000_size_cost_cluster_based_c1_25_c2_35_method_poprisk_avg_0.5_image_clusters_3_budget_500_seed_123
togo_ph_h20_cluster_sampling_2_strata_desired_25ppc_1000_size_cost_cluster_based_c1_25_c2_35_method_poprisk_avg_0.5_image_clusters_3_budget_600_seed_123
togo_ph_h20_cluster_sampling_2_strata_desired_25ppc_1000_size_cost_cluster_based_c1_25_c2_35_method_poprisk_avg_0.5_image_clusters_3_budget_700_seed_123
togo_ph_h20_cluster_sampling_2_strata_desired_25ppc_1000_size_cost_cluster_based_c1_25_c2_35_method_poprisk_avg_0.5_image_clusters_3_budget_800_seed_123
togo_multiple_cluster_sampling_2_strata_desired_25ppc_1000_size_cost_cluster_based_c1_25_c2_35_method_poprisk_image_clusters_3_budget_400_seed_123
togo_multiple_cluster_sampling_2_strata_desired_25ppc_1000_size_cost_cluster_based_c1_25_c2_35_method_poprisk_image_clusters_3_budget_500_seed_123
togo_multiple_cluster_sampling_2_strata_desired_25ppc_1000_size_cost_cluster_based_c1_25_c2_35_method_poprisk_image_clusters_3_budget_600_seed_123
togo_multiple_cluster_sampling_2_strata_desired_25ppc_1000_size_cost_cluster_based_c1_25_c2_35_method_poprisk_image_clusters_3_budget_700_seed_123
togo_multiple_cluster_sampling_2_strata_desired_25ppc_1000_size_cost_cluster_based_c1_25_c2_35_method_poprisk_image_clusters_3_budget_800_seed_123
togo_multiple_cluster_sampling_2_strata_desired_25ppc_1000_size_cost_cluster_based_c1_25_c2_35_method_poprisk_image_clusters_3_budget_900_seed_123
togo_multiple_cluster_sampling_2_strata_desired_25ppc_1000_size_cost_cluster_based_c1_25_c2_35_method_poprisk_image_clusters_3_budget_1000_seed_123
togo_multiple_cluster_sampling_2_strata_desired_25ppc_1500_size_cost_cluster_based_c1_25_c2_35_method_poprisk_image_clusters_3_budget_100_seed_123
togo_multiple_cluster_sampling_2_strata_desired_25ppc_1500_size_cost_cluster_based_c1_25_c2_35_method_poprisk_image_clusters_3_budget_200_seed_123
togo_multiple_cluster_sampling_2_strata_desired_25ppc_1500_size_cost_cluster_based_c1_25_c2_35_method_poprisk_image_clusters_3_budget_300_seed_123
togo_multiple_cluster_sampling_2_strata_desired_25ppc_1500_size_cost_cluster_based_c1_25_c2_35_method_poprisk_image_clusters_3_budget_400_seed_123
togo_multiple_cluster_sampling_2_strata_desired_25ppc_1500_size_cost_cluster_based_c1_25_c2_35_method_poprisk_image_clusters_3_budget_500_seed_123
togo_multiple_cluster_sampling_2_strata_desired_25ppc_1500_size_cost_cluster_based_c1_25_c2_35_method_poprisk_image_clusters_3_budget_600_seed_123
togo_multiple_cluster_sampling_2_strata_desired_25ppc_1500_size_cost_cluster_based_c1_25_c2_35_method_poprisk_image_clusters_3_budget_700_seed_123
togo_multiple_cluster_sampling_2_strata_desired_25ppc_1500_size_cost_cluster_based_c1_25_c2_35_method_poprisk_image_clusters_3_budget_800_seed_123
togo_multiple_cluster_sampling_2_strata_desired_25ppc_1500_size_cost_cluster_based_c1_25_c2_35_method_poprisk_image_clusters_3_budget_900_seed_123
togo_multiple_cluster_sampling_2_strata_desired_25ppc_1500_size_cost_cluster_based_c1_25_c2_35_method_poprisk_image_clusters_3_budget_1000_seed_123
togo_multiple_cluster_sampling_2_strata_desired_25ppc_2000_size_cost_cluster_based_c1_25_c2_35_method_poprisk_image_clusters_3_budget_100_seed_123
togo_multiple_cluster_sampling_2_strata_desired_25ppc_2000_size_cost_cluster_based_c1_25_c2_35_method_poprisk_image_clusters_3_budget_200_seed_123
togo_multiple_cluster_sampling_2_strata_desired_25ppc_2000_size_cost_cluster_based_c1_25_c2_35_method_poprisk_image_clusters_3_budget_300_seed_123
togo_multiple_cluster_sampling_2_strata_desired_25ppc_2000_size_cost_cluster_based_c1_25_c2_35_method_poprisk_image_clusters_3_budget_400_seed_123
togo_multiple_cluster_sampling_2_strata_desired_25ppc_2000_size_cost_cluster_based_c1_25_c2_35_method_poprisk_image_clusters_3_budget_500_seed_123
togo_multiple_cluster_sampling_2_strata_desired_25ppc_2000_size_cost_cluster_based_c1_25_c2_35_method_poprisk_image_clusters_3_budget_600_seed_123
togo_multiple_cluster_sampling_2_strata_desired_25ppc_2000_size_cost_cluster_based_c1_25_c2_35_method_poprisk_image_clusters_3_budget_700_seed_123
togo_multiple_cluster_sampling_2_strata_desired_25ppc_2000_size_cost_cluster_based_c1_25_c2_35_method_poprisk_image_clusters_3_budget_800_seed_123
togo_multiple_cluster_sampling_2_strata_desired_25ppc_2000_size_cost_cluster_based_c1_25_c2_35_method_poprisk_image_clusters_3_budget_900_seed_123
togo_multiple_cluster_sampling_2_strata_desired_25ppc_2000_size_cost_cluster_based_c1_25_c2_35_method_poprisk_image_clusters_3_budget_1000_seed_123
togo_multiple_cluster_sampling_2_strata_desired_25ppc_2500_size_cost_cluster_based_c1_25_c2_35_method_poprisk_image_clusters_3_budget_100_seed_123
togo_multiple_cluster_sampling_2_strata_desired_25ppc_2500_size_cost_cluster_based_c1_25_c2_35_method_poprisk_image_clusters_3_budget_200_seed_123
togo_multiple_cluster_sampling_2_strata_desired_25ppc_2500_size_cost_cluster_based_c1_25_c2_35_method_poprisk_image_clusters_3_budget_300_seed_123
togo_multiple_cluster_sampling_2_strata_desired_25ppc_2500_size_cost_cluster_based_c1_25_c2_35_method_poprisk_image_clusters_3_budget_400_seed_123
togo_multiple_cluster_sampling_2_strata_desired_25ppc_2500_size_cost_cluster_based_c1_25_c2_35_method_poprisk_image_clusters_3_budget_500_seed_123
togo_multiple_cluster_sampling_2_strata_desired_25ppc_2500_size_cost_cluster_based_c1_25_c2_35_method_poprisk_image_clusters_3_budget_600_seed_123
togo_multiple_cluster_sampling_2_strata_desired_25ppc_2500_size_cost_cluster_based_c1_25_c2_35_method_poprisk_image_clusters_3_budget_700_seed_123
togo_multiple_cluster_sampling_2_strata_desired_25ppc_2500_size_cost_cluster_based_c1_25_c2_35_method_poprisk_image_clusters_3_budget_800_seed_123
togo_multiple_cluster_sampling_2_strata_desired_25ppc_2500_size_cost_cluster_based_c1_25_c2_35_method_poprisk_image_clusters_3_budget_900_seed_123
togo_multiple_cluster_sampling_2_strata_desired_25ppc_2500_size_cost_cluster_based_c1_25_c2_35_method_poprisk_image_clusters_3_budget_1000_seed_123
togo_multiple_cluster_sampling_2_strata_desired_25ppc_500_size_cost_cluster_based_c1_25_c2_35_method_poprisk_image_clusters_3_budget_100_seed_456
togo_multiple_cluster_sampling_2_strata_desired_25ppc_500_size_cost_cluster_based_c1_25_c2_35_method_poprisk_image_clusters_3_budget_200_seed_456
togo_multiple_cluster_sampling_2_strata_desired_25ppc_500_size_cost_cluster_based_c1_25_c2_35_method_poprisk_image_clusters_3_budget_300_seed_456
togo_multiple_cluster_sampling_2_strata_desired_25ppc_500_size_cost_cluster_based_c1_25_c2_35_method_poprisk_image_clusters_3_budget_400_seed_456
togo_multiple_cluster_sampling_2_strata_desired_25ppc_500_size_cost_cluster_based_c1_25_c2_35_method_poprisk_image_clusters_3_budget_500_seed_456
togo_multiple_cluster_sampling_2_strata_desired_25ppc_500_size_cost_cluster_based_c1_25_c2_35_method_poprisk_image_clusters_3_budget_600_seed_456
togo_multiple_cluster_sampling_2_strata_desired_25ppc_500_size_cost_cluster_based_c1_25_c2_35_method_poprisk_image_clusters_3_budget_700_seed_456
togo_multiple_cluster_sampling_2_strata_desired_25ppc_500_size_cost_cluster_based_c1_25_c2_35_method_poprisk_image_clusters_3_budget_800_seed_456
togo_multiple_cluster_sampling_2_strata_desired_25ppc_500_size_cost_cluster_based_c1_25_c2_35_method_poprisk_image_clusters_3_budget_900_seed_456
togo_multiple_cluster_sampling_2_strata_desired_25ppc_500_size_cost_cluster_based_c1_25_c2_35_method_poprisk_image_clusters_3_budget_1000_seed_456
togo_multiple_cluster_sampling_2_strata_desired_25ppc_1000_size_cost_cluster_based_c1_25_c2_35_method_poprisk_image_clusters_3_budget_100_seed_456
togo_multiple_cluster_sampling_2_strata_desired_25ppc_1000_size_cost_cluster_based_c1_25_c2_35_method_poprisk_image_clusters_3_budget_200_seed_456
togo_multiple_cluster_sampling_2_strata_desired_25ppc_1000_size_cost_cluster_based_c1_25_c2_35_method_poprisk_image_clusters_3_budget_300_seed_456
togo_multiple_cluster_sampling_2_strata_desired_25ppc_1000_size_cost_cluster_based_c1_25_c2_35_method_poprisk_image_clusters_3_budget_400_seed_456
togo_multiple_cluster_sampling_2_strata_desired_25ppc_1000_size_cost_cluster_based_c1_25_c2_35_method_poprisk_image_clusters_3_budget_500_seed_456
togo_multiple_cluster_sampling_2_strata_desired_25ppc_1000_size_cost_cluster_based_c1_25_c2_35_method_poprisk_image_clusters_3_budget_600_seed_456
togo_multiple_cluster_sampling_2_strata_desired_25ppc_1000_size_cost_cluster_based_c1_25_c2_35_method_poprisk_image_clusters_3_budget_700_seed_456
togo_multiple_cluster_sampling_2_strata_desired_25ppc_1000_size_cost_cluster_based_c1_25_c2_35_method_poprisk_image_clusters_3_budget_800_seed_456
togo_multiple_cluster_sampling_2_strata_desired_25ppc_1000_size_cost_cluster_based_c1_25_c2_35_method_poprisk_image_clusters_3_budget_900_seed_456
togo_multiple_cluster_sampling_2_strata_desired_25ppc_1000_size_cost_cluster_based_c1_25_c2_35_method_poprisk_image_clusters_3_budget_1000_seed_456
togo_multiple_cluster_sampling_2_strata_desired_25ppc_1500_size_cost_cluster_based_c1_25_c2_35_method_poprisk_image_clusters_3_budget_100_seed_456
togo_multiple_cluster_sampling_2_strata_desired_25ppc_1500_size_cost_cluster_based_c1_25_c2_35_method_poprisk_image_clusters_3_budget_200_seed_456
togo_multiple_cluster_sampling_2_strata_desired_25ppc_1500_size_cost_cluster_based_c1_25_c2_35_method_poprisk_image_clusters_3_budget_300_seed_456
togo_multiple_cluster_sampling_2_strata_desired_25ppc_1500_size_cost_cluster_based_c1_25_c2_35_method_poprisk_image_clusters_3_budget_400_seed_456
togo_multiple_cluster_sampling_2_strata_desired_25ppc_1500_size_cost_cluster_based_c1_25_c2_35_method_poprisk_image_clusters_3_budget_500_seed_456
togo_multiple_cluster_sampling_2_strata_desired_25ppc_1500_size_cost_cluster_based_c1_25_c2_35_method_poprisk_image_clusters_3_budget_600_seed_456
togo_multiple_cluster_sampling_2_strata_desired_25ppc_1500_size_cost_cluster_based_c1_25_c2_35_method_poprisk_image_clusters_3_budget_700_seed_456
togo_multiple_cluster_sampling_2_strata_desired_25ppc_1500_size_cost_cluster_based_c1_25_c2_35_method_poprisk_image_clusters_3_budget_800_seed_456
togo_multiple_cluster_sampling_2_strata_desired_25ppc_1500_size_cost_cluster_based_c1_25_c2_35_method_poprisk_image_clusters_3_budget_900_seed_456
togo_multiple_cluster_sampling_2_strata_desired_25ppc_1500_size_cost_cluster_based_c1_25_c2_35_method_poprisk_image_clusters_3_budget_1000_seed_456
togo_multiple_cluster_sampling_2_strata_desired_25ppc_2000_size_cost_cluster_based_c1_25_c2_35_method_poprisk_image_clusters_3_budget_100_seed_456
togo_multiple_cluster_sampling_2_strata_desired_25ppc_2000_size_cost_cluster_based_c1_25_c2_35_method_poprisk_image_clusters_3_budget_200_seed_456
togo_multiple_cluster_sampling_2_strata_desired_25ppc_2000_size_cost_cluster_based_c1_25_c2_35_method_poprisk_image_clusters_3_budget_300_seed_456
togo_multiple_cluster_sampling_2_strata_desired_25ppc_2000_size_cost_cluster_based_c1_25_c2_35_method_poprisk_image_clusters_3_budget_400_seed_456
togo_multiple_cluster_sampling_2_strata_desired_25ppc_2000_size_cost_cluster_based_c1_25_c2_35_method_poprisk_image_clusters_3_budget_500_seed_456
togo_multiple_cluster_sampling_2_strata_desired_25ppc_2000_size_cost_cluster_based_c1_25_c2_35_method_poprisk_image_clusters_3_budget_600_seed_456
togo_multiple_cluster_sampling_2_strata_desired_25ppc_2000_size_cost_cluster_based_c1_25_c2_35_method_poprisk_image_clusters_3_budget_700_seed_456
togo_multiple_cluster_sampling_2_strata_desired_25ppc_2000_size_cost_cluster_based_c1_25_c2_35_method_poprisk_image_clusters_3_budget_800_seed_456
togo_multiple_cluster_sampling_2_strata_desired_25ppc_2000_size_cost_cluster_based_c1_25_c2_35_method_poprisk_image_clusters_3_budget_900_seed_456
togo_multiple_cluster_sampling_2_strata_desired_25ppc_2000_size_cost_cluster_based_c1_25_c2_35_method_poprisk_image_clusters_3_budget_1000_seed_456
togo_multiple_cluster_sampling_2_strata_desired_25ppc_2500_size_cost_cluster_based_c1_25_c2_35_method_poprisk_image_clusters_3_budget_100_seed_456
togo_multiple_cluster_sampling_2_strata_desired_25ppc_2500_size_cost_cluster_based_c1_25_c2_35_method_poprisk_image_clusters_3_budget_200_seed_456
togo_multiple_cluster_sampling_2_strata_desired_25ppc_2500_size_cost_cluster_based_c1_25_c2_35_method_poprisk_image_clusters_3_budget_300_seed_456
togo_multiple_cluster_sampling_2_strata_desired_25ppc_2500_size_cost_cluster_based_c1_25_c2_35_method_poprisk_image_clusters_3_budget_400_seed_456
togo_multiple_cluster_sampling_2_strata_desired_25ppc_2500_size_cost_cluster_based_c1_25_c2_35_method_poprisk_image_clusters_3_budget_500_seed_456
togo_multiple_cluster_sampling_2_strata_desired_25ppc_2500_size_cost_cluster_based_c1_25_c2_35_method_poprisk_image_clusters_3_budget_600_seed_456
togo_multiple_cluster_sampling_2_strata_desired_25ppc_1000_size_cost_cluster_based_c1_25_c2_35_method_poprisk_image_clusters_3_budget_400_seed_123
